{
  "RSpec": {
    "coverage": {
      "/root/ruby-test-sonarqube/lib/calculator.rb": {
        "lines": [
          1,
          1,
          1,
          null,
          null,
          1,
          1,
          null,
          null,
          1,
          1,
          null,
          null,
          1,
          2,
          1,
          null,
          null,
          1,
          null,
          0,
          null,
          null,
          null
        ]
      }
    },
    "timestamp": 1770382665
  }
}
