<?xml version='1.0'?>
<!DOCTYPE coverage SYSTEM "http://cobertura.sourceforge.net/xml/coverage-04.dtd">
<!--Generated by simplecov-cobertura version 3.1.0 (https://github.com/jessebs/simplecov-cobertura)-->
<coverage line-rate="0.9167" lines-covered="11" lines-valid="12" complexity="0" version="0" timestamp="1770382665">
  <sources>
    <source>/root/ruby-test-sonarqube</source>
  </sources>
  <packages>
    <package name="ruby-test-sonarqube" line-rate="0.9167" complexity="0">
      <classes>
        <class name="lib/calculator.rb" filename="lib/calculator.rb" line-rate="0.9167" complexity="0">
          <methods/>
          <lines>
            <line number="1" hits="1"/>
            <line number="2" hits="1"/>
            <line number="3" hits="1"/>
            <line number="6" hits="1"/>
            <line number="7" hits="1"/>
            <line number="10" hits="1"/>
            <line number="11" hits="1"/>
            <line number="14" hits="1"/>
            <line number="15" hits="2"/>
            <line number="16" hits="1"/>
            <line number="19" hits="1"/>
            <line number="21" hits="0"/>
          </lines>
        </class>
      </classes>
    </package>
  </packages>
</coverage>